Starting experiment ... ...
Could not find: Georgia Institute of Technology,Alex Orso
 ... ...
Could not find: Georgia Institute of Technology,Qirun Zhang
 ... ...
Could not find: Stanford University,Dawson Engler
 ... ...
University "harvarduniversity" could not be found!
Could not find: Harvard University,Douglas Lloyd
 ... ...
Could not find: Harvard University,Stuart Shieber
 ... ...
University "harvarduniversity" could not be found!
Could not find: Harvard University,Michael Smith
 ... ...
Could not find: University of Southern California,John Heidemann
 ... ...
Could not find: University of Southern California,Christian Mattmann
 ... ...
Could not find: University of Southern California,Barath Raghavan
 ... ...
Could not find: University of Southern California,Mukund Raghothaman
 ... ...
Could not find: University of Washington,Rastislav Bodik
 ... ...
Could not find: University of Washington,René Just
 ... ...
Could not find: University of Washington,Zachary Tatlock
 ... ...
University "universityofwashington" could not be found!
Could not find: University of Washington,Xi Wang
 ... ...
Could not find: Carnegie Mellon University,Jonathan Aldrich
 ... ...
Could not find: Carnegie Mellon University,David Garlan
 ... ...
Could not find: Carnegie Mellon University,Bradley Schmerl
 ... ...
University "carnegiemellonuniversity" could not be found!
Could not find: Carnegie Mellon University,Mary Shaw
 ... ...
Could not find: Carnegie Mellon University,Jeannette Wing
 ... ...
Could not find: Carnegie Mellon University,Bryan Parno
 ... ...
Could not find: Carnegie Mellon University,Jean Yang
 ... ...
Could not find: University of California Berkeley,Phillip Colella
 ... ...
University "universityofcaliforniaberkeley" could not be found!
Could not find: University of California Berkeley,Michael Ball
 ... ...
Could not find: University of California Los Angeles (UCLA),Alfonso Cardenas
 ... ...
University "universityofcalifornialosangeles(ucla)" could not be found!
Could not find: University of California Los Angeles (UCLA),Miryung Kim
 ... ...
Could not find: University of California Los Angeles (UCLA),Todd Millstein
 ... ...
Could not find: University of California Los Angeles (UCLA),Tony Nowatzki
 ... ...
Could not find: University of California Los Angeles (UCLA),Jens Palsberg
 ... ...
University "universityofcalifornialosangeles(ucla)" could not be found!
Could not find: University of California Los Angeles (UCLA),Harry Xu
 ... ...
Could not find: University of Texas at Austin,Suzanne Barber
 ... ...
Could not find: University of Texas at Austin,Joydeep Ghosh
 ... ...
Could not find: University of Texas at Austin,Lizy John
 ... ...
Could not find: University of Texas at Austin,Christine Julien
 ... ...
Could not find: University of Texas at Austin,Sarfraz Khurshid
 ... ...
Could not find: University of Texas at Austin,David Soloveichik
 ... ...
Could not find: University of Toronto,Marsha Chechik
 ... ...
Could not find: University of Toronto,John Mylopoulos
 ... ...
Could not find: University of Ottawa,Lionel Briand
 ... ...
Could not find: University of Ottawa,Hasan Ural
 ... ...
Could not find: Simon Fraser University,Uwe Glasser
 ... ...
Could not find: Simon Fraser University,William Sumner
 ... ...
University "mcgilluniversity" could not be found!
Could not find: McGill University,Elizabeth Patitsas
 ... ...
Could not find: University of Waterloo,Gema Rodriguez-Perez
 ... ...
Could not find: University of Waterloo,Bradley Lushman
 ... ...
Could not find: University of Waterloo,Chantelle Gellert
 ... ...
University "universityofwaterloo" could not be found!
Could not find: University of Waterloo,Donald Cowan
 ... ...
Could not find: University of Waterloo,Chengnian Sun
 ... ...
Finalizing the result, writing to the json and txt files ... 
